<?xml version="1.0" encoding="UTF-8"?>
<!-- Generated by org.testng.reporters.JUnitXMLReporter -->
<testsuite ignored="0" hostname="DESKTOP-NSJ1APJ" failures="0" tests="3" name="Default test" time="5.011" errors="0" timestamp="2023-10-07T11:18:37 PDT">
  <testcase classname="com.facebook.loginTests.LoginFunctionalTest" name="userNameTest" time="0.149"/>
  <testcase classname="com.facebook.loginTests.LoginFunctionalTest" name="passwordTest" time="0.141"/>
  <testcase classname="com.facebook.loginTests.LoginFunctionalTest" name="loginButtonTest" time="0.078"/>
</testsuite> <!-- Default test -->
