<?xml version="1.0" encoding="UTF-8"?>
<testng-results ignored="0" total="3" passed="3" failed="0" skipped="0">
  <reporter-output>
  </reporter-output>
  <suite started-at="2023-10-07T11:18:32 PDT" name="Default suite" finished-at="2023-10-07T11:18:37 PDT" duration-ms="5011">
    <groups>
    </groups>
    <test started-at="2023-10-07T11:18:32 PDT" name="Default test" finished-at="2023-10-07T11:18:37 PDT" duration-ms="5011">
      <class name="com.facebook.loginTests.LoginFunctionalTest">
        <test-method is-config="true" signature="openFacebook()[pri:0, instance:com.facebook.loginTests.LoginFunctionalTest@7586beff]" started-at="2023-10-07T11:18:32 PDT" name="openFacebook" finished-at="2023-10-07T11:18:36 PDT" duration-ms="4258" status="PASS">
          <reporter-output>
          </reporter-output>
        </test-method> <!-- openFacebook -->
        <test-method signature="userNameTest()[pri:0, instance:com.facebook.loginTests.LoginFunctionalTest@7586beff]" started-at="2023-10-07T11:18:36 PDT" name="userNameTest" finished-at="2023-10-07T11:18:36 PDT" duration-ms="149" status="PASS">
          <reporter-output>
          </reporter-output>
        </test-method> <!-- userNameTest -->
        <test-method signature="passwordTest()[pri:1, instance:com.facebook.loginTests.LoginFunctionalTest@7586beff]" started-at="2023-10-07T11:18:36 PDT" name="passwordTest" finished-at="2023-10-07T11:18:37 PDT" duration-ms="141" status="PASS">
          <reporter-output>
          </reporter-output>
        </test-method> <!-- passwordTest -->
        <test-method signature="loginButtonTest()[pri:2, instance:com.facebook.loginTests.LoginFunctionalTest@7586beff]" started-at="2023-10-07T11:18:37 PDT" name="loginButtonTest" finished-at="2023-10-07T11:18:37 PDT" duration-ms="78" status="PASS">
          <reporter-output>
          </reporter-output>
        </test-method> <!-- loginButtonTest -->
        <test-method is-config="true" signature="closeFacebook()[pri:0, instance:com.facebook.loginTests.LoginFunctionalTest@7586beff]" started-at="2023-10-07T11:18:37 PDT" name="closeFacebook" finished-at="2023-10-07T11:18:37 PDT" duration-ms="320" status="PASS">
          <reporter-output>
          </reporter-output>
        </test-method> <!-- closeFacebook -->
      </class> <!-- com.facebook.loginTests.LoginFunctionalTest -->
    </test> <!-- Default test -->
  </suite> <!-- Default suite -->
</testng-results>
